0 info it worked if it ends with ok
1 verbose cli [ '/home/newtvo/.nvm/versions/io.js/v3.3.1/bin/iojs',
1 verbose cli   '/home/newtvo/.nvm/versions/io.js/v3.3.1/bin/npm',
1 verbose cli   'init',
1 verbose cli   '-y' ]
2 info using npm@2.14.3
3 info using node@v3.3.1
4 silly package data undefined
5 info init written successfully
6 verbose stack Error: Invalid name: "38. Student Manger (CLI)"
6 verbose stack     at ensureValidName (/home/newtvo/.nvm/versions/io.js/v3.3.1/lib/node_modules/npm/node_modules/normalize-package-data/lib/fixer.js:331:15)
6 verbose stack     at Object.module.exports.fixNameField (/home/newtvo/.nvm/versions/io.js/v3.3.1/lib/node_modules/npm/node_modules/normalize-package-data/lib/fixer.js:210:5)
6 verbose stack     at /home/newtvo/.nvm/versions/io.js/v3.3.1/lib/node_modules/npm/node_modules/normalize-package-data/lib/normalize.js:32:38
6 verbose stack     at Array.forEach (native)
6 verbose stack     at normalize (/home/newtvo/.nvm/versions/io.js/v3.3.1/lib/node_modules/npm/node_modules/normalize-package-data/lib/normalize.js:31:15)
6 verbose stack     at final (/home/newtvo/.nvm/versions/io.js/v3.3.1/lib/node_modules/npm/node_modules/read-package-json/read-json.js:338:5)
6 verbose stack     at then (/home/newtvo/.nvm/versions/io.js/v3.3.1/lib/node_modules/npm/node_modules/read-package-json/read-json.js:113:5)
6 verbose stack     at ReadFileContext.callback (/home/newtvo/.nvm/versions/io.js/v3.3.1/lib/node_modules/npm/node_modules/read-package-json/read-json.js:284:20)
6 verbose stack     at FSReqWrap.readFileAfterOpen [as oncomplete] (evalmachine.<anonymous>:303:13)
7 verbose cwd /home/newtvo/Github Source/CoderSchool - Basic JavaScript/38. Student Manger (CLI)
8 error Linux 5.4.0-7642-generic
9 error argv "/home/newtvo/.nvm/versions/io.js/v3.3.1/bin/iojs" "/home/newtvo/.nvm/versions/io.js/v3.3.1/bin/npm" "init" "-y"
10 error node v3.3.1
11 error npm  v2.14.3
12 error Invalid name: "38. Student Manger (CLI)"
13 error If you need help, you may report this error at:
13 error     <https://github.com/npm/npm/issues>
14 verbose exit [ 1, true ]
